<?xml version="1.0" encoding="UTF-8"?>
<testsuite xmlns:xsi="http://www.w3.org/2001/XMLSchema-instance" xsi:noNamespaceSchemaLocation="https://maven.apache.org/surefire/maven-surefire-plugin/xsd/surefire-test-report-3.0.xsd" version="3.0" name="TestSuite" time="18.649" tests="17" errors="0" skipped="0" failures="0">
  <properties>
    <property name="java.specification.version" value="21"/>
    <property name="sun.cpu.isalist" value="amd64"/>
    <property name="sun.jnu.encoding" value="Cp1252"/>
    <property name="sun.awt.enableExtraMouseButtons" value="true"/>
    <property name="java.class.path" value="C:\Users\KAARTHI\eclipse-workspace\SauceDemo\target\test-classes;C:\Users\KAARTHI\eclipse-workspace\SauceDemo\target\classes;C:\Users\KAARTHI\.m2\repository\org\seleniumhq\selenium\selenium-java\4.20.0\selenium-java-4.20.0.jar;C:\Users\KAARTHI\.m2\repository\org\seleniumhq\selenium\selenium-api\4.20.0\selenium-api-4.20.0.jar;C:\Users\KAARTHI\.m2\repository\org\seleniumhq\selenium\selenium-chrome-driver\4.20.0\selenium-chrome-driver-4.20.0.jar;C:\Users\KAARTHI\.m2\repository\com\google\auto\service\auto-service-annotations\1.1.1\auto-service-annotations-1.1.1.jar;C:\Users\KAARTHI\.m2\repository\org\seleniumhq\selenium\selenium-chromium-driver\4.20.0\selenium-chromium-driver-4.20.0.jar;C:\Users\KAARTHI\.m2\repository\org\seleniumhq\selenium\selenium-json\4.20.0\selenium-json-4.20.0.jar;C:\Users\KAARTHI\.m2\repository\org\seleniumhq\selenium\selenium-manager\4.20.0\selenium-manager-4.20.0.jar;C:\Users\KAARTHI\.m2\repository\org\seleniumhq\selenium\selenium-devtools-v122\4.20.0\selenium-devtools-v122-4.20.0.jar;C:\Users\KAARTHI\.m2\repository\org\seleniumhq\selenium\selenium-devtools-v123\4.20.0\selenium-devtools-v123-4.20.0.jar;C:\Users\KAARTHI\.m2\repository\org\seleniumhq\selenium\selenium-devtools-v124\4.20.0\selenium-devtools-v124-4.20.0.jar;C:\Users\KAARTHI\.m2\repository\org\seleniumhq\selenium\selenium-devtools-v85\4.20.0\selenium-devtools-v85-4.20.0.jar;C:\Users\KAARTHI\.m2\repository\org\seleniumhq\selenium\selenium-edge-driver\4.20.0\selenium-edge-driver-4.20.0.jar;C:\Users\KAARTHI\.m2\repository\org\seleniumhq\selenium\selenium-firefox-driver\4.20.0\selenium-firefox-driver-4.20.0.jar;C:\Users\KAARTHI\.m2\repository\org\seleniumhq\selenium\selenium-http\4.20.0\selenium-http-4.20.0.jar;C:\Users\KAARTHI\.m2\repository\dev\failsafe\failsafe\3.3.2\failsafe-3.3.2.jar;C:\Users\KAARTHI\.m2\repository\org\seleniumhq\selenium\selenium-ie-driver\4.20.0\selenium-ie-driver-4.20.0.jar;C:\Users\KAARTHI\.m2\repository\org\seleniumhq\selenium\selenium-remote-driver\4.20.0\selenium-remote-driver-4.20.0.jar;C:\Users\KAARTHI\.m2\repository\com\google\guava\guava\33.1.0-jre\guava-33.1.0-jre.jar;C:\Users\KAARTHI\.m2\repository\com\google\guava\failureaccess\1.0.2\failureaccess-1.0.2.jar;C:\Users\KAARTHI\.m2\repository\com\google\guava\listenablefuture\9999.0-empty-to-avoid-conflict-with-guava\listenablefuture-9999.0-empty-to-avoid-conflict-with-guava.jar;C:\Users\KAARTHI\.m2\repository\com\google\code\findbugs\jsr305\3.0.2\jsr305-3.0.2.jar;C:\Users\KAARTHI\.m2\repository\org\checkerframework\checker-qual\3.42.0\checker-qual-3.42.0.jar;C:\Users\KAARTHI\.m2\repository\com\google\errorprone\error_prone_annotations\2.26.1\error_prone_annotations-2.26.1.jar;C:\Users\KAARTHI\.m2\repository\com\google\j2objc\j2objc-annotations\3.0.0\j2objc-annotations-3.0.0.jar;C:\Users\KAARTHI\.m2\repository\io\opentelemetry\semconv\opentelemetry-semconv\1.25.0-alpha\opentelemetry-semconv-1.25.0-alpha.jar;C:\Users\KAARTHI\.m2\repository\io\opentelemetry\opentelemetry-api\1.37.0\opentelemetry-api-1.37.0.jar;C:\Users\KAARTHI\.m2\repository\io\opentelemetry\opentelemetry-context\1.37.0\opentelemetry-context-1.37.0.jar;C:\Users\KAARTHI\.m2\repository\io\opentelemetry\opentelemetry-exporter-logging\1.37.0\opentelemetry-exporter-logging-1.37.0.jar;C:\Users\KAARTHI\.m2\repository\io\opentelemetry\opentelemetry-sdk-common\1.37.0\opentelemetry-sdk-common-1.37.0.jar;C:\Users\KAARTHI\.m2\repository\io\opentelemetry\opentelemetry-sdk-extension-autoconfigure-spi\1.37.0\opentelemetry-sdk-extension-autoconfigure-spi-1.37.0.jar;C:\Users\KAARTHI\.m2\repository\io\opentelemetry\opentelemetry-sdk-extension-autoconfigure\1.37.0\opentelemetry-sdk-extension-autoconfigure-1.37.0.jar;C:\Users\KAARTHI\.m2\repository\io\opentelemetry\opentelemetry-api-incubator\1.37.0-alpha\opentelemetry-api-incubator-1.37.0-alpha.jar;C:\Users\KAARTHI\.m2\repository\io\opentelemetry\opentelemetry-sdk-trace\1.37.0\opentelemetry-sdk-trace-1.37.0.jar;C:\Users\KAARTHI\.m2\repository\io\opentelemetry\opentelemetry-sdk\1.37.0\opentelemetry-sdk-1.37.0.jar;C:\Users\KAARTHI\.m2\repository\io\opentelemetry\opentelemetry-sdk-metrics\1.37.0\opentelemetry-sdk-metrics-1.37.0.jar;C:\Users\KAARTHI\.m2\repository\io\opentelemetry\opentelemetry-sdk-logs\1.37.0\opentelemetry-sdk-logs-1.37.0.jar;C:\Users\KAARTHI\.m2\repository\net\bytebuddy\byte-buddy\1.14.14\byte-buddy-1.14.14.jar;C:\Users\KAARTHI\.m2\repository\org\seleniumhq\selenium\selenium-os\4.20.0\selenium-os-4.20.0.jar;C:\Users\KAARTHI\.m2\repository\org\apache\commons\commons-exec\1.4.0\commons-exec-1.4.0.jar;C:\Users\KAARTHI\.m2\repository\org\seleniumhq\selenium\selenium-safari-driver\4.20.0\selenium-safari-driver-4.20.0.jar;C:\Users\KAARTHI\.m2\repository\org\seleniumhq\selenium\selenium-support\4.20.0\selenium-support-4.20.0.jar;C:\Users\KAARTHI\.m2\repository\org\testng\testng\7.10.2\testng-7.10.2.jar;C:\Users\KAARTHI\.m2\repository\com\beust\jcommander\1.82\jcommander-1.82.jar;C:\Users\KAARTHI\.m2\repository\org\webjars\jquery\3.7.1\jquery-3.7.1.jar;C:\Users\KAARTHI\.m2\repository\io\github\bonigarcia\webdrivermanager\5.8.0\webdrivermanager-5.8.0.jar;C:\Users\KAARTHI\.m2\repository\com\google\code\gson\gson\2.10.1\gson-2.10.1.jar;C:\Users\KAARTHI\.m2\repository\com\github\docker-java\docker-java\3.3.6\docker-java-3.3.6.jar;C:\Users\KAARTHI\.m2\repository\com\github\docker-java\docker-java-core\3.3.6\docker-java-core-3.3.6.jar;C:\Users\KAARTHI\.m2\repository\com\github\docker-java\docker-java-api\3.3.6\docker-java-api-3.3.6.jar;C:\Users\KAARTHI\.m2\repository\com\fasterxml\jackson\core\jackson-annotations\2.10.3\jackson-annotations-2.10.3.jar;C:\Users\KAARTHI\.m2\repository\com\fasterxml\jackson\core\jackson-databind\2.10.3\jackson-databind-2.10.3.jar;C:\Users\KAARTHI\.m2\repository\com\fasterxml\jackson\core\jackson-core\2.10.3\jackson-core-2.10.3.jar;C:\Users\KAARTHI\.m2\repository\org\bouncycastle\bcpkix-jdk18on\1.76\bcpkix-jdk18on-1.76.jar;C:\Users\KAARTHI\.m2\repository\org\bouncycastle\bcprov-jdk18on\1.76\bcprov-jdk18on-1.76.jar;C:\Users\KAARTHI\.m2\repository\org\bouncycastle\bcutil-jdk18on\1.76\bcutil-jdk18on-1.76.jar;C:\Users\KAARTHI\.m2\repository\org\slf4j\jcl-over-slf4j\1.7.30\jcl-over-slf4j-1.7.30.jar;C:\Users\KAARTHI\.m2\repository\com\github\docker-java\docker-java-transport-httpclient5\3.3.6\docker-java-transport-httpclient5-3.3.6.jar;C:\Users\KAARTHI\.m2\repository\com\github\docker-java\docker-java-transport\3.3.6\docker-java-transport-3.3.6.jar;C:\Users\KAARTHI\.m2\repository\net\java\dev\jna\jna\5.13.0\jna-5.13.0.jar;C:\Users\KAARTHI\.m2\repository\org\brotli\dec\0.1.2\dec-0.1.2.jar;C:\Users\KAARTHI\.m2\repository\org\apache\commons\commons-compress\1.26.1\commons-compress-1.26.1.jar;C:\Users\KAARTHI\.m2\repository\org\apache\httpcomponents\client5\httpclient5\5.2.1\httpclient5-5.2.1.jar;C:\Users\KAARTHI\.m2\repository\org\apache\httpcomponents\core5\httpcore5\5.2\httpcore5-5.2.jar;C:\Users\KAARTHI\.m2\repository\org\apache\httpcomponents\core5\httpcore5-h2\5.2\httpcore5-h2-5.2.jar;C:\Users\KAARTHI\.m2\repository\org\apache\poi\poi\5.2.5\poi-5.2.5.jar;C:\Users\KAARTHI\.m2\repository\commons-codec\commons-codec\1.16.0\commons-codec-1.16.0.jar;C:\Users\KAARTHI\.m2\repository\org\apache\commons\commons-collections4\4.4\commons-collections4-4.4.jar;C:\Users\KAARTHI\.m2\repository\org\apache\commons\commons-math3\3.6.1\commons-math3-3.6.1.jar;C:\Users\KAARTHI\.m2\repository\com\zaxxer\SparseBitSet\1.3\SparseBitSet-1.3.jar;C:\Users\KAARTHI\.m2\repository\org\apache\poi\poi-ooxml\5.2.5\poi-ooxml-5.2.5.jar;C:\Users\KAARTHI\.m2\repository\org\apache\poi\poi-ooxml-lite\5.2.5\poi-ooxml-lite-5.2.5.jar;C:\Users\KAARTHI\.m2\repository\org\apache\xmlbeans\xmlbeans\5.2.0\xmlbeans-5.2.0.jar;C:\Users\KAARTHI\.m2\repository\com\github\virtuald\curvesapi\1.08\curvesapi-1.08.jar;C:\Users\KAARTHI\.m2\repository\com\aventstack\extentreports\5.1.1\extentreports-5.1.1.jar;C:\Users\KAARTHI\.m2\repository\io\reactivex\rxjava3\rxjava\3.1.6\rxjava-3.1.6.jar;C:\Users\KAARTHI\.m2\repository\org\reactivestreams\reactive-streams\1.0.4\reactive-streams-1.0.4.jar;C:\Users\KAARTHI\.m2\repository\org\freemarker\freemarker\2.3.32\freemarker-2.3.32.jar;C:\Users\KAARTHI\.m2\repository\org\projectlombok\lombok\1.18.26\lombok-1.18.26.jar;C:\Users\KAARTHI\.m2\repository\commons-io\commons-io\2.16.1\commons-io-2.16.1.jar;C:\Users\KAARTHI\.m2\repository\io\cucumber\cucumber-java\7.17.0\cucumber-java-7.17.0.jar;C:\Users\KAARTHI\.m2\repository\io\cucumber\cucumber-core\7.17.0\cucumber-core-7.17.0.jar;C:\Users\KAARTHI\.m2\repository\io\cucumber\cucumber-gherkin\7.17.0\cucumber-gherkin-7.17.0.jar;C:\Users\KAARTHI\.m2\repository\io\cucumber\cucumber-gherkin-messages\7.17.0\cucumber-gherkin-messages-7.17.0.jar;C:\Users\KAARTHI\.m2\repository\io\cucumber\gherkin\28.0.0\gherkin-28.0.0.jar;C:\Users\KAARTHI\.m2\repository\io\cucumber\messages\24.1.0\messages-24.1.0.jar;C:\Users\KAARTHI\.m2\repository\io\cucumber\testng-xml-formatter\0.1.0\testng-xml-formatter-0.1.0.jar;C:\Users\KAARTHI\.m2\repository\io\cucumber\query\12.1.2\query-12.1.2.jar;C:\Users\KAARTHI\.m2\repository\io\cucumber\tag-expressions\6.1.0\tag-expressions-6.1.0.jar;C:\Users\KAARTHI\.m2\repository\io\cucumber\cucumber-expressions\17.1.0\cucumber-expressions-17.1.0.jar;C:\Users\KAARTHI\.m2\repository\io\cucumber\datatable\7.17.0\datatable-7.17.0.jar;C:\Users\KAARTHI\.m2\repository\io\cucumber\cucumber-plugin\7.17.0\cucumber-plugin-7.17.0.jar;C:\Users\KAARTHI\.m2\repository\io\cucumber\docstring\7.17.0\docstring-7.17.0.jar;C:\Users\KAARTHI\.m2\repository\io\cucumber\html-formatter\21.3.1\html-formatter-21.3.1.jar;C:\Users\KAARTHI\.m2\repository\io\cucumber\junit-xml-formatter\0.4.0\junit-xml-formatter-0.4.0.jar;C:\Users\KAARTHI\.m2\repository\io\cucumber\ci-environment\10.0.1\ci-environment-10.0.1.jar;C:\Users\KAARTHI\.m2\repository\org\apiguardian\apiguardian-api\1.1.2\apiguardian-api-1.1.2.jar;C:\Users\KAARTHI\.m2\repository\io\cucumber\cucumber-junit\7.17.0\cucumber-junit-7.17.0.jar;C:\Users\KAARTHI\.m2\repository\junit\junit\4.13.2\junit-4.13.2.jar;C:\Users\KAARTHI\.m2\repository\org\hamcrest\hamcrest-core\1.3\hamcrest-core-1.3.jar;C:\Users\KAARTHI\.m2\repository\org\slf4j\slf4j-api\2.0.13\slf4j-api-2.0.13.jar;C:\Users\KAARTHI\.m2\repository\org\slf4j\slf4j-simple\2.0.13\slf4j-simple-2.0.13.jar;C:\Users\KAARTHI\.m2\repository\org\apache\commons\commons-lang3\3.14.0\commons-lang3-3.14.0.jar;C:\Users\KAARTHI\.m2\repository\org\apache\logging\log4j\log4j-core\2.23.1\log4j-core-2.23.1.jar;C:\Users\KAARTHI\.m2\repository\org\apache\logging\log4j\log4j-api\2.23.1\log4j-api-2.23.1.jar;C:\Users\KAARTHI\.m2\repository\tech\grasshopper\extentreports-cucumber7-adapter\1.14.0\extentreports-cucumber7-adapter-1.14.0.jar;C:\Users\KAARTHI\.m2\repository\tech\grasshopper\extent-pdf-report\2.12.0\extent-pdf-report-2.12.0.jar;C:\Users\KAARTHI\.m2\repository\tech\grasshopper\cucumber-pdf-report\2.14.0\cucumber-pdf-report-2.14.0.jar;C:\Users\KAARTHI\.m2\repository\org\apache\pdfbox\pdfbox\2.0.26\pdfbox-2.0.26.jar;C:\Users\KAARTHI\.m2\repository\org\apache\pdfbox\fontbox\2.0.26\fontbox-2.0.26.jar;C:\Users\KAARTHI\.m2\repository\org\knowm\xchart\xchart\3.8.0\xchart-3.8.0.jar;C:\Users\KAARTHI\.m2\repository\de\erichseifert\vectorgraphics2d\VectorGraphics2D\0.13\VectorGraphics2D-0.13.jar;C:\Users\KAARTHI\.m2\repository\de\rototor\pdfbox\graphics2d\0.30\graphics2d-0.30.jar;C:\Users\KAARTHI\.m2\repository\com\madgag\animated-gif-lib\1.4\animated-gif-lib-1.4.jar;C:\Users\KAARTHI\.m2\repository\org\yaml\snakeyaml\2.0\snakeyaml-2.0.jar;C:\Users\KAARTHI\.m2\repository\tech\grasshopper\table-layout\1.5.1\table-layout-1.5.1.jar;C:\Users\KAARTHI\.m2\repository\tech\grasshopper\rest-assured-cucumber-pdf-report\1.5.0\rest-assured-cucumber-pdf-report-1.5.0.jar;C:\Users\KAARTHI\.m2\repository\org\jsoup\jsoup\1.15.3\jsoup-1.15.3.jar;C:\Users\KAARTHI\.m2\repository\com\aventstack\klov-reporter\5.1.0\klov-reporter-5.1.0.jar;C:\Users\KAARTHI\.m2\repository\org\mongodb\mongodb-driver\3.6.4\mongodb-driver-3.6.4.jar;C:\Users\KAARTHI\.m2\repository\org\mongodb\mongodb-driver-core\3.6.4\mongodb-driver-core-3.6.4.jar;C:\Users\KAARTHI\.m2\repository\org\mongodb\bson\3.6.4\bson-3.6.4.jar;C:\Users\KAARTHI\.m2\repository\org\apache\httpcomponents\httpclient\4.5.13\httpclient-4.5.13.jar;C:\Users\KAARTHI\.m2\repository\org\apache\httpcomponents\httpcore\4.4.13\httpcore-4.4.13.jar;C:\Users\KAARTHI\.m2\repository\commons-logging\commons-logging\1.2\commons-logging-1.2.jar;C:\Users\KAARTHI\.m2\repository\org\apache\httpcomponents\httpmime\4.5.13\httpmime-4.5.13.jar;C:\Users\KAARTHI\.m2\repository\tech\grasshopper\htmlextentreporter\1.1.0\htmlextentreporter-1.1.0.jar;C:\Users\KAARTHI\.m2\repository\tech\grasshopper\extent-excel-report\1.4.0\extent-excel-report-1.4.0.jar;C:\Users\KAARTHI\.m2\repository\io\cucumber\cucumber-testng\7.17.0\cucumber-testng-7.17.0.jar;"/>
    <property name="java.vm.vendor" value="Oracle Corporation"/>
    <property name="sun.arch.data.model" value="64"/>
    <property name="user.variant" value=""/>
    <property name="java.vendor.url" value="https://java.oracle.com/"/>
    <property name="user.timezone" value="Asia/Calcutta"/>
    <property name="os.name" value="Windows 10"/>
    <property name="java.vm.specification.version" value="21"/>
    <property name="sun.java.launcher" value="SUN_STANDARD"/>
    <property name="user.country" value="IN"/>
    <property name="sun.boot.library.path" value="C:\Program Files\Java\jdk-21\bin"/>
    <property name="sun.java.command" value="C:\Users\KAARTHI\AppData\Local\Temp\surefire6384390018807934171\surefirebooter-20240511032629772_3.jar C:\Users\KAARTHI\AppData\Local\Temp\surefire6384390018807934171 2024-05-11T03-26-29_657-jvmRun1 surefire-20240511032629772_1tmp surefire_0-20240511032629772_2tmp"/>
    <property name="jdk.debug" value="release"/>
    <property name="surefire.test.class.path" value="C:\Users\KAARTHI\eclipse-workspace\SauceDemo\target\test-classes;C:\Users\KAARTHI\eclipse-workspace\SauceDemo\target\classes;C:\Users\KAARTHI\.m2\repository\org\seleniumhq\selenium\selenium-java\4.20.0\selenium-java-4.20.0.jar;C:\Users\KAARTHI\.m2\repository\org\seleniumhq\selenium\selenium-api\4.20.0\selenium-api-4.20.0.jar;C:\Users\KAARTHI\.m2\repository\org\seleniumhq\selenium\selenium-chrome-driver\4.20.0\selenium-chrome-driver-4.20.0.jar;C:\Users\KAARTHI\.m2\repository\com\google\auto\service\auto-service-annotations\1.1.1\auto-service-annotations-1.1.1.jar;C:\Users\KAARTHI\.m2\repository\org\seleniumhq\selenium\selenium-chromium-driver\4.20.0\selenium-chromium-driver-4.20.0.jar;C:\Users\KAARTHI\.m2\repository\org\seleniumhq\selenium\selenium-json\4.20.0\selenium-json-4.20.0.jar;C:\Users\KAARTHI\.m2\repository\org\seleniumhq\selenium\selenium-manager\4.20.0\selenium-manager-4.20.0.jar;C:\Users\KAARTHI\.m2\repository\org\seleniumhq\selenium\selenium-devtools-v122\4.20.0\selenium-devtools-v122-4.20.0.jar;C:\Users\KAARTHI\.m2\repository\org\seleniumhq\selenium\selenium-devtools-v123\4.20.0\selenium-devtools-v123-4.20.0.jar;C:\Users\KAARTHI\.m2\repository\org\seleniumhq\selenium\selenium-devtools-v124\4.20.0\selenium-devtools-v124-4.20.0.jar;C:\Users\KAARTHI\.m2\repository\org\seleniumhq\selenium\selenium-devtools-v85\4.20.0\selenium-devtools-v85-4.20.0.jar;C:\Users\KAARTHI\.m2\repository\org\seleniumhq\selenium\selenium-edge-driver\4.20.0\selenium-edge-driver-4.20.0.jar;C:\Users\KAARTHI\.m2\repository\org\seleniumhq\selenium\selenium-firefox-driver\4.20.0\selenium-firefox-driver-4.20.0.jar;C:\Users\KAARTHI\.m2\repository\org\seleniumhq\selenium\selenium-http\4.20.0\selenium-http-4.20.0.jar;C:\Users\KAARTHI\.m2\repository\dev\failsafe\failsafe\3.3.2\failsafe-3.3.2.jar;C:\Users\KAARTHI\.m2\repository\org\seleniumhq\selenium\selenium-ie-driver\4.20.0\selenium-ie-driver-4.20.0.jar;C:\Users\KAARTHI\.m2\repository\org\seleniumhq\selenium\selenium-remote-driver\4.20.0\selenium-remote-driver-4.20.0.jar;C:\Users\KAARTHI\.m2\repository\com\google\guava\guava\33.1.0-jre\guava-33.1.0-jre.jar;C:\Users\KAARTHI\.m2\repository\com\google\guava\failureaccess\1.0.2\failureaccess-1.0.2.jar;C:\Users\KAARTHI\.m2\repository\com\google\guava\listenablefuture\9999.0-empty-to-avoid-conflict-with-guava\listenablefuture-9999.0-empty-to-avoid-conflict-with-guava.jar;C:\Users\KAARTHI\.m2\repository\com\google\code\findbugs\jsr305\3.0.2\jsr305-3.0.2.jar;C:\Users\KAARTHI\.m2\repository\org\checkerframework\checker-qual\3.42.0\checker-qual-3.42.0.jar;C:\Users\KAARTHI\.m2\repository\com\google\errorprone\error_prone_annotations\2.26.1\error_prone_annotations-2.26.1.jar;C:\Users\KAARTHI\.m2\repository\com\google\j2objc\j2objc-annotations\3.0.0\j2objc-annotations-3.0.0.jar;C:\Users\KAARTHI\.m2\repository\io\opentelemetry\semconv\opentelemetry-semconv\1.25.0-alpha\opentelemetry-semconv-1.25.0-alpha.jar;C:\Users\KAARTHI\.m2\repository\io\opentelemetry\opentelemetry-api\1.37.0\opentelemetry-api-1.37.0.jar;C:\Users\KAARTHI\.m2\repository\io\opentelemetry\opentelemetry-context\1.37.0\opentelemetry-context-1.37.0.jar;C:\Users\KAARTHI\.m2\repository\io\opentelemetry\opentelemetry-exporter-logging\1.37.0\opentelemetry-exporter-logging-1.37.0.jar;C:\Users\KAARTHI\.m2\repository\io\opentelemetry\opentelemetry-sdk-common\1.37.0\opentelemetry-sdk-common-1.37.0.jar;C:\Users\KAARTHI\.m2\repository\io\opentelemetry\opentelemetry-sdk-extension-autoconfigure-spi\1.37.0\opentelemetry-sdk-extension-autoconfigure-spi-1.37.0.jar;C:\Users\KAARTHI\.m2\repository\io\opentelemetry\opentelemetry-sdk-extension-autoconfigure\1.37.0\opentelemetry-sdk-extension-autoconfigure-1.37.0.jar;C:\Users\KAARTHI\.m2\repository\io\opentelemetry\opentelemetry-api-incubator\1.37.0-alpha\opentelemetry-api-incubator-1.37.0-alpha.jar;C:\Users\KAARTHI\.m2\repository\io\opentelemetry\opentelemetry-sdk-trace\1.37.0\opentelemetry-sdk-trace-1.37.0.jar;C:\Users\KAARTHI\.m2\repository\io\opentelemetry\opentelemetry-sdk\1.37.0\opentelemetry-sdk-1.37.0.jar;C:\Users\KAARTHI\.m2\repository\io\opentelemetry\opentelemetry-sdk-metrics\1.37.0\opentelemetry-sdk-metrics-1.37.0.jar;C:\Users\KAARTHI\.m2\repository\io\opentelemetry\opentelemetry-sdk-logs\1.37.0\opentelemetry-sdk-logs-1.37.0.jar;C:\Users\KAARTHI\.m2\repository\net\bytebuddy\byte-buddy\1.14.14\byte-buddy-1.14.14.jar;C:\Users\KAARTHI\.m2\repository\org\seleniumhq\selenium\selenium-os\4.20.0\selenium-os-4.20.0.jar;C:\Users\KAARTHI\.m2\repository\org\apache\commons\commons-exec\1.4.0\commons-exec-1.4.0.jar;C:\Users\KAARTHI\.m2\repository\org\seleniumhq\selenium\selenium-safari-driver\4.20.0\selenium-safari-driver-4.20.0.jar;C:\Users\KAARTHI\.m2\repository\org\seleniumhq\selenium\selenium-support\4.20.0\selenium-support-4.20.0.jar;C:\Users\KAARTHI\.m2\repository\org\testng\testng\7.10.2\testng-7.10.2.jar;C:\Users\KAARTHI\.m2\repository\com\beust\jcommander\1.82\jcommander-1.82.jar;C:\Users\KAARTHI\.m2\repository\org\webjars\jquery\3.7.1\jquery-3.7.1.jar;C:\Users\KAARTHI\.m2\repository\io\github\bonigarcia\webdrivermanager\5.8.0\webdrivermanager-5.8.0.jar;C:\Users\KAARTHI\.m2\repository\com\google\code\gson\gson\2.10.1\gson-2.10.1.jar;C:\Users\KAARTHI\.m2\repository\com\github\docker-java\docker-java\3.3.6\docker-java-3.3.6.jar;C:\Users\KAARTHI\.m2\repository\com\github\docker-java\docker-java-core\3.3.6\docker-java-core-3.3.6.jar;C:\Users\KAARTHI\.m2\repository\com\github\docker-java\docker-java-api\3.3.6\docker-java-api-3.3.6.jar;C:\Users\KAARTHI\.m2\repository\com\fasterxml\jackson\core\jackson-annotations\2.10.3\jackson-annotations-2.10.3.jar;C:\Users\KAARTHI\.m2\repository\com\fasterxml\jackson\core\jackson-databind\2.10.3\jackson-databind-2.10.3.jar;C:\Users\KAARTHI\.m2\repository\com\fasterxml\jackson\core\jackson-core\2.10.3\jackson-core-2.10.3.jar;C:\Users\KAARTHI\.m2\repository\org\bouncycastle\bcpkix-jdk18on\1.76\bcpkix-jdk18on-1.76.jar;C:\Users\KAARTHI\.m2\repository\org\bouncycastle\bcprov-jdk18on\1.76\bcprov-jdk18on-1.76.jar;C:\Users\KAARTHI\.m2\repository\org\bouncycastle\bcutil-jdk18on\1.76\bcutil-jdk18on-1.76.jar;C:\Users\KAARTHI\.m2\repository\org\slf4j\jcl-over-slf4j\1.7.30\jcl-over-slf4j-1.7.30.jar;C:\Users\KAARTHI\.m2\repository\com\github\docker-java\docker-java-transport-httpclient5\3.3.6\docker-java-transport-httpclient5-3.3.6.jar;C:\Users\KAARTHI\.m2\repository\com\github\docker-java\docker-java-transport\3.3.6\docker-java-transport-3.3.6.jar;C:\Users\KAARTHI\.m2\repository\net\java\dev\jna\jna\5.13.0\jna-5.13.0.jar;C:\Users\KAARTHI\.m2\repository\org\brotli\dec\0.1.2\dec-0.1.2.jar;C:\Users\KAARTHI\.m2\repository\org\apache\commons\commons-compress\1.26.1\commons-compress-1.26.1.jar;C:\Users\KAARTHI\.m2\repository\org\apache\httpcomponents\client5\httpclient5\5.2.1\httpclient5-5.2.1.jar;C:\Users\KAARTHI\.m2\repository\org\apache\httpcomponents\core5\httpcore5\5.2\httpcore5-5.2.jar;C:\Users\KAARTHI\.m2\repository\org\apache\httpcomponents\core5\httpcore5-h2\5.2\httpcore5-h2-5.2.jar;C:\Users\KAARTHI\.m2\repository\org\apache\poi\poi\5.2.5\poi-5.2.5.jar;C:\Users\KAARTHI\.m2\repository\commons-codec\commons-codec\1.16.0\commons-codec-1.16.0.jar;C:\Users\KAARTHI\.m2\repository\org\apache\commons\commons-collections4\4.4\commons-collections4-4.4.jar;C:\Users\KAARTHI\.m2\repository\org\apache\commons\commons-math3\3.6.1\commons-math3-3.6.1.jar;C:\Users\KAARTHI\.m2\repository\com\zaxxer\SparseBitSet\1.3\SparseBitSet-1.3.jar;C:\Users\KAARTHI\.m2\repository\org\apache\poi\poi-ooxml\5.2.5\poi-ooxml-5.2.5.jar;C:\Users\KAARTHI\.m2\repository\org\apache\poi\poi-ooxml-lite\5.2.5\poi-ooxml-lite-5.2.5.jar;C:\Users\KAARTHI\.m2\repository\org\apache\xmlbeans\xmlbeans\5.2.0\xmlbeans-5.2.0.jar;C:\Users\KAARTHI\.m2\repository\com\github\virtuald\curvesapi\1.08\curvesapi-1.08.jar;C:\Users\KAARTHI\.m2\repository\com\aventstack\extentreports\5.1.1\extentreports-5.1.1.jar;C:\Users\KAARTHI\.m2\repository\io\reactivex\rxjava3\rxjava\3.1.6\rxjava-3.1.6.jar;C:\Users\KAARTHI\.m2\repository\org\reactivestreams\reactive-streams\1.0.4\reactive-streams-1.0.4.jar;C:\Users\KAARTHI\.m2\repository\org\freemarker\freemarker\2.3.32\freemarker-2.3.32.jar;C:\Users\KAARTHI\.m2\repository\org\projectlombok\lombok\1.18.26\lombok-1.18.26.jar;C:\Users\KAARTHI\.m2\repository\commons-io\commons-io\2.16.1\commons-io-2.16.1.jar;C:\Users\KAARTHI\.m2\repository\io\cucumber\cucumber-java\7.17.0\cucumber-java-7.17.0.jar;C:\Users\KAARTHI\.m2\repository\io\cucumber\cucumber-core\7.17.0\cucumber-core-7.17.0.jar;C:\Users\KAARTHI\.m2\repository\io\cucumber\cucumber-gherkin\7.17.0\cucumber-gherkin-7.17.0.jar;C:\Users\KAARTHI\.m2\repository\io\cucumber\cucumber-gherkin-messages\7.17.0\cucumber-gherkin-messages-7.17.0.jar;C:\Users\KAARTHI\.m2\repository\io\cucumber\gherkin\28.0.0\gherkin-28.0.0.jar;C:\Users\KAARTHI\.m2\repository\io\cucumber\messages\24.1.0\messages-24.1.0.jar;C:\Users\KAARTHI\.m2\repository\io\cucumber\testng-xml-formatter\0.1.0\testng-xml-formatter-0.1.0.jar;C:\Users\KAARTHI\.m2\repository\io\cucumber\query\12.1.2\query-12.1.2.jar;C:\Users\KAARTHI\.m2\repository\io\cucumber\tag-expressions\6.1.0\tag-expressions-6.1.0.jar;C:\Users\KAARTHI\.m2\repository\io\cucumber\cucumber-expressions\17.1.0\cucumber-expressions-17.1.0.jar;C:\Users\KAARTHI\.m2\repository\io\cucumber\datatable\7.17.0\datatable-7.17.0.jar;C:\Users\KAARTHI\.m2\repository\io\cucumber\cucumber-plugin\7.17.0\cucumber-plugin-7.17.0.jar;C:\Users\KAARTHI\.m2\repository\io\cucumber\docstring\7.17.0\docstring-7.17.0.jar;C:\Users\KAARTHI\.m2\repository\io\cucumber\html-formatter\21.3.1\html-formatter-21.3.1.jar;C:\Users\KAARTHI\.m2\repository\io\cucumber\junit-xml-formatter\0.4.0\junit-xml-formatter-0.4.0.jar;C:\Users\KAARTHI\.m2\repository\io\cucumber\ci-environment\10.0.1\ci-environment-10.0.1.jar;C:\Users\KAARTHI\.m2\repository\org\apiguardian\apiguardian-api\1.1.2\apiguardian-api-1.1.2.jar;C:\Users\KAARTHI\.m2\repository\io\cucumber\cucumber-junit\7.17.0\cucumber-junit-7.17.0.jar;C:\Users\KAARTHI\.m2\repository\junit\junit\4.13.2\junit-4.13.2.jar;C:\Users\KAARTHI\.m2\repository\org\hamcrest\hamcrest-core\1.3\hamcrest-core-1.3.jar;C:\Users\KAARTHI\.m2\repository\org\slf4j\slf4j-api\2.0.13\slf4j-api-2.0.13.jar;C:\Users\KAARTHI\.m2\repository\org\slf4j\slf4j-simple\2.0.13\slf4j-simple-2.0.13.jar;C:\Users\KAARTHI\.m2\repository\org\apache\commons\commons-lang3\3.14.0\commons-lang3-3.14.0.jar;C:\Users\KAARTHI\.m2\repository\org\apache\logging\log4j\log4j-core\2.23.1\log4j-core-2.23.1.jar;C:\Users\KAARTHI\.m2\repository\org\apache\logging\log4j\log4j-api\2.23.1\log4j-api-2.23.1.jar;C:\Users\KAARTHI\.m2\repository\tech\grasshopper\extentreports-cucumber7-adapter\1.14.0\extentreports-cucumber7-adapter-1.14.0.jar;C:\Users\KAARTHI\.m2\repository\tech\grasshopper\extent-pdf-report\2.12.0\extent-pdf-report-2.12.0.jar;C:\Users\KAARTHI\.m2\repository\tech\grasshopper\cucumber-pdf-report\2.14.0\cucumber-pdf-report-2.14.0.jar;C:\Users\KAARTHI\.m2\repository\org\apache\pdfbox\pdfbox\2.0.26\pdfbox-2.0.26.jar;C:\Users\KAARTHI\.m2\repository\org\apache\pdfbox\fontbox\2.0.26\fontbox-2.0.26.jar;C:\Users\KAARTHI\.m2\repository\org\knowm\xchart\xchart\3.8.0\xchart-3.8.0.jar;C:\Users\KAARTHI\.m2\repository\de\erichseifert\vectorgraphics2d\VectorGraphics2D\0.13\VectorGraphics2D-0.13.jar;C:\Users\KAARTHI\.m2\repository\de\rototor\pdfbox\graphics2d\0.30\graphics2d-0.30.jar;C:\Users\KAARTHI\.m2\repository\com\madgag\animated-gif-lib\1.4\animated-gif-lib-1.4.jar;C:\Users\KAARTHI\.m2\repository\org\yaml\snakeyaml\2.0\snakeyaml-2.0.jar;C:\Users\KAARTHI\.m2\repository\tech\grasshopper\table-layout\1.5.1\table-layout-1.5.1.jar;C:\Users\KAARTHI\.m2\repository\tech\grasshopper\rest-assured-cucumber-pdf-report\1.5.0\rest-assured-cucumber-pdf-report-1.5.0.jar;C:\Users\KAARTHI\.m2\repository\org\jsoup\jsoup\1.15.3\jsoup-1.15.3.jar;C:\Users\KAARTHI\.m2\repository\com\aventstack\klov-reporter\5.1.0\klov-reporter-5.1.0.jar;C:\Users\KAARTHI\.m2\repository\org\mongodb\mongodb-driver\3.6.4\mongodb-driver-3.6.4.jar;C:\Users\KAARTHI\.m2\repository\org\mongodb\mongodb-driver-core\3.6.4\mongodb-driver-core-3.6.4.jar;C:\Users\KAARTHI\.m2\repository\org\mongodb\bson\3.6.4\bson-3.6.4.jar;C:\Users\KAARTHI\.m2\repository\org\apache\httpcomponents\httpclient\4.5.13\httpclient-4.5.13.jar;C:\Users\KAARTHI\.m2\repository\org\apache\httpcomponents\httpcore\4.4.13\httpcore-4.4.13.jar;C:\Users\KAARTHI\.m2\repository\commons-logging\commons-logging\1.2\commons-logging-1.2.jar;C:\Users\KAARTHI\.m2\repository\org\apache\httpcomponents\httpmime\4.5.13\httpmime-4.5.13.jar;C:\Users\KAARTHI\.m2\repository\tech\grasshopper\htmlextentreporter\1.1.0\htmlextentreporter-1.1.0.jar;C:\Users\KAARTHI\.m2\repository\tech\grasshopper\extent-excel-report\1.4.0\extent-excel-report-1.4.0.jar;C:\Users\KAARTHI\.m2\repository\io\cucumber\cucumber-testng\7.17.0\cucumber-testng-7.17.0.jar;"/>
    <property name="sun.cpu.endian" value="little"/>
    <property name="user.home" value="C:\Users\KAARTHI"/>
    <property name="user.language" value="en"/>
    <property name="java.specification.vendor" value="Oracle Corporation"/>
    <property name="java.version.date" value="2024-01-16"/>
    <property name="java.home" value="C:\Program Files\Java\jdk-21"/>
    <property name="file.separator" value="\"/>
    <property name="basedir" value="C:\Users\KAARTHI\eclipse-workspace\SauceDemo"/>
    <property name="style.color" value="always"/>
    <property name="java.vm.compressedOopsMode" value="Zero based"/>
    <property name="line.separator" value="&#10;"/>
    <property name="java.vm.specification.vendor" value="Oracle Corporation"/>
    <property name="java.specification.name" value="Java Platform API Specification"/>
    <property name="surefire.real.class.path" value="C:\Users\KAARTHI\AppData\Local\Temp\surefire6384390018807934171\surefirebooter-20240511032629772_3.jar"/>
    <property name="user.script" value=""/>
    <property name="sun.management.compiler" value="HotSpot 64-Bit Tiered Compilers"/>
    <property name="java.runtime.version" value="21.0.2+13-LTS-58"/>
    <property name="user.name" value="KAARTHI"/>
    <property name="stdout.encoding" value="Cp1252"/>
    <property name="path.separator" value=";"/>
    <property name="os.version" value="10.0"/>
    <property name="java.runtime.name" value="Java(TM) SE Runtime Environment"/>
    <property name="file.encoding" value="UTF-8"/>
    <property name="java.vm.name" value="Java HotSpot(TM) 64-Bit Server VM"/>
    <property name="localRepository" value="C:\Users\KAARTHI\.m2\repository"/>
    <property name="java.vendor.url.bug" value="https://bugreport.java.com/bugreport/"/>
    <property name="java.io.tmpdir" value="C:\Users\KAARTHI\AppData\Local\Temp\"/>
    <property name="java.version" value="21.0.2"/>
    <property name="user.dir" value="C:\Users\KAARTHI\eclipse-workspace\SauceDemo"/>
    <property name="os.arch" value="amd64"/>
    <property name="java.vm.specification.name" value="Java Virtual Machine Specification"/>
    <property name="sun.os.patch.level" value=""/>
    <property name="native.encoding" value="Cp1252"/>
    <property name="java.library.path" value="C:\Program Files\Java\jdk-21\bin;C:\Windows\Sun\Java\bin;C:\Windows\system32;C:\Windows;C:/Program Files/Java/jdk-21/bin/server;C:/Program Files/Java/jdk-21/bin;C:\Program Files (x86)\Common Files\Intel\Shared Libraries\redist\intel64\compiler;C:\Program Files\Eclipse Adoptium\jdk-11.0.22.7-hotspot\bin;C:\Program Files (x86)\Eclipse Adoptium\jre-11.0.22.7-hotspot\bin;C:\Program Files\Common Files\Oracle\Java\javapath;C:\Program Files (x86)\Common Files\Oracle\Java\javapath;C:\Windows\system32;C:\Windows;C:\Windows\System32\Wbem;C:\Windows\System32\WindowsPowerShell\v1.0\;C:\Windows\System32\OpenSSH\;C:\Program Files\NVIDIA Corporation\NVIDIA NvDLISR;C:\Program Files (x86)\NVIDIA Corporation\PhysX\Common;C:\Program Files\dotnet\;C:\Program Files\Git\cmd;C:\Users\KAARTHI\AppData\Local\Microsoft\WindowsApps;C:\Windows\System32;;."/>
    <property name="java.vm.info" value="mixed mode, sharing"/>
    <property name="stderr.encoding" value="Cp1252"/>
    <property name="java.vendor" value="Oracle Corporation"/>
    <property name="java.vm.version" value="21.0.2+13-LTS-58"/>
    <property name="sun.io.unicode.encoding" value="UnicodeLittle"/>
    <property name="java.class.version" value="65.0"/>
  </properties>
  <testcase name="runScenario[&quot;Verify Login functionality&quot;, &quot;Testing ShoppersStop Website&quot;](1)" classname="cucumberTestRunner.TestRunner" time="1.644">
    <system-out><![CDATA[
Scenario: Verify Login functionality     # feature/cucumber.feature:3
Swag Labs
Correct website is Launched
03:26:35.036 [main] INFO  factory.BaseClass - ----Correct Website Launched Successfully----
  Given user is on Saucedemo.com website # cucumberStepDefinition.TC01_VerifyLoginFunctionality.user_is_on_shoppers_stop_com_website()

    Embedding Verify Login functionality [image/png 41973 bytes]

SauceDemo Logo is Displayed
03:26:35.346 [main] INFO  factory.BaseClass - ----SauceDemo Logo is Displayed----
  And verifying the logo of webpage      # cucumberStepDefinition.TC01_VerifyLoginFunctionality.verifying_the_logo_of_webpage()

    Embedding Verify Login functionality [image/png 41973 bytes]

Epic sadface: Username and password do not match any user in this service
captured error while logging in using the invalid credential
03:26:35.721 [main] INFO  factory.BaseClass - ----captured error while logging in using the invalid credential----
  When Logging using Invalid Credential  # cucumberStepDefinition.TC01_VerifyLoginFunctionality.loginUsingInvalidCredential()

    Embedding Verify Login functionality [image/png 47540 bytes]

logging in using the valid credential
03:26:36.099 [main] INFO  factory.BaseClass - ----logging in using the valid credential----
  When Logging using valid Credential    # cucumberStepDefinition.TC01_VerifyLoginFunctionality.loginUsingValidCredential()

    Embedding Verify Login functionality [image/png 396182 bytes]

]]></system-out>
  </testcase>
  <testcase name="runScenario[&quot;Verify Sort Functionality&quot;, &quot;Testing ShoppersStop Website&quot;](2)" classname="cucumberTestRunner.TestRunner" time="0.732">
    <system-out><![CDATA[
Scenario: Verify Sort Functionality # feature/cucumber.feature:9
selected the sorting method successfully
03:26:36.609 [main] INFO  factory.BaseClass - ----selected the sorting method successfully----
  Then Selecting method of sorting  # cucumberStepDefinition.TC02_VerifySortFunctionality.MethodOfSort()

    Embedding Verify Sort Functionality [image/png 364661 bytes]

sort Successful
verified the sort function successfully
03:26:36.906 [main] INFO  factory.BaseClass - ----verified the sort function successfully----
  Then verify sort functionality    # cucumberStepDefinition.TC02_VerifySortFunctionality.verifySort()

    Embedding Verify Sort Functionality [image/png 364661 bytes]

]]></system-out>
  </testcase>
  <testcase name="runScenario[&quot;Verifying Cart functionality&quot;, &quot;Testing ShoppersStop Website&quot;](3)" classname="cucumberTestRunner.TestRunner" time="1.84">
    <system-out><![CDATA[
Scenario: Verifying Cart functionality         # feature/cucumber.feature:13
product added to cart successfully
03:26:37.336 [main] INFO  factory.BaseClass - ----product added to cart successfully----
  When adding product to cart                  # cucumberStepDefinition.TC03_verifyCartFunctionality.addProductToCart()

    Embedding Verifying Cart functionality [image/png 65209 bytes]

verified the product added to cart successfully
03:26:37.506 [main] INFO  factory.BaseClass - ----verified the product added to cart successfully----
  Then verifying the product added to cart     # cucumberStepDefinition.TC03_verifyCartFunctionality.verifyProduct()

    Embedding Verifying Cart functionality [image/png 65209 bytes]

product removed from the cart successfully
03:26:37.760 [main] INFO  factory.BaseClass - ----product removed from the cart successfully----
  Then remove the product from cart            # cucumberStepDefinition.TC03_verifyCartFunctionality.removeProduct()

    Embedding Verifying Cart functionality [image/png 396182 bytes]

navigated to product description successfully
03:26:38.003 [main] INFO  factory.BaseClass - ----navigated to product description successfully----
  Then navigate to product description page    # cucumberStepDefinition.TC03_verifyCartFunctionality.navigateToprodDescPage()

    Embedding Verifying Cart functionality [image/png 196769 bytes]

product added to cart successfully
03:26:38.251 [main] INFO  factory.BaseClass - ----product added to cart successfully----
  Then add product to cart in description page # cucumberStepDefinition.TC03_verifyCartFunctionality.addCartinProdDescPage()

    Embedding Verifying Cart functionality [image/png 63324 bytes]

product checked out successfully
03:26:38.746 [main] INFO  factory.BaseClass - ----product checked out successfully----
  When clicking on checkout                    # cucumberStepDefinition.TC03_verifyCartFunctionality.checkOut()

    Embedding Verifying Cart functionality [image/png 396223 bytes]

]]></system-out>
  </testcase>
  <testcase name="runScenario[&quot;Verifying Logout functionality&quot;, &quot;Testing ShoppersStop Website&quot;](4)" classname="cucumberTestRunner.TestRunner" time="0.373">
    <system-out><![CDATA[
Scenario: Verifying Logout functionality # feature/cucumber.feature:21
Logged out Successfully
03:26:39.210 [main] INFO  factory.BaseClass - ----Logged out Successfully----
  When logging out the website           # cucumberStepDefinition.TC04_VerifyLogoutFunctionality.logout()

    Embedding Verifying Logout functionality [image/png 41973 bytes]

]]></system-out>
  </testcase>
  <testcase name="user_is_on_shoppers_stop_com_website" classname="testNGTestCases.TC04_VerifyLogoutFunctionality" time="0.184">
    <system-out><![CDATA[The user is on saucedemo.com website. 
Swag Labs
Correct website is Launched
03:26:44.921 [main] INFO  factory.BaseClass - ----Correct Website Launched Successfully----
]]></system-out>
    <system-err><![CDATA[┌──────────────────────────────────────────────────────────────────────────┐
│ View your Cucumber Report at:                                            │
│ https://reports.cucumber.io/reports/c99c55f8-6f82-481c-b603-3a5b86c0fa9a │
│                                                                          │
│ This report will self-destruct in 24h.                                   │
│ Keep reports forever: https://reports.cucumber.io/profile                │
└──────────────────────────────────────────────────────────────────────────┘]]></system-err>
  </testcase>
  <testcase name="verifying_the_logo_of_webpage" classname="testNGTestCases.TC04_VerifyLogoutFunctionality" time="0.172">
    <system-out><![CDATA[SauceDemo Logo is Displayed
03:26:45.112 [main] INFO  factory.BaseClass - ----SauceDemo Logo is Displayed----
]]></system-out>
  </testcase>
  <testcase name="loginUsingInvalidCredential" classname="testNGTestCases.TC04_VerifyLogoutFunctionality" time="0.331">
    <system-out><![CDATA[Epic sadface: Username and password do not match any user in this service
captured error while logging in using the invalid credential
03:26:45.447 [main] INFO  factory.BaseClass - ----captured error while logging in using the invalid credential----
]]></system-out>
  </testcase>
  <testcase name="loginUsingValidCredential" classname="testNGTestCases.TC04_VerifyLogoutFunctionality" time="0.471">
    <system-out><![CDATA[logging in using the valid credential
03:26:45.822 [main] INFO  factory.BaseClass - ----logging in using the valid credential----
]]></system-out>
  </testcase>
  <testcase name="MethodOfSort" classname="testNGTestCases.TC04_VerifyLogoutFunctionality" time="0.255">
    <system-out><![CDATA[selected the sorting method successfully
03:26:46.154 [main] INFO  factory.BaseClass - ----selected the sorting method successfully----
]]></system-out>
  </testcase>
  <testcase name="verifySort" classname="testNGTestCases.TC04_VerifyLogoutFunctionality" time="0.263">
    <system-out><![CDATA[sort Successful
verified the sort function successfully
03:26:46.415 [main] INFO  factory.BaseClass - ----verified the sort function successfully----
]]></system-out>
  </testcase>
  <testcase name="addProductToCart" classname="testNGTestCases.TC04_VerifyLogoutFunctionality" time="0.231">
    <system-out><![CDATA[product added to cart successfully
03:26:46.685 [main] INFO  factory.BaseClass - ----product added to cart successfully----
]]></system-out>
  </testcase>
  <testcase name="verifyProduct" classname="testNGTestCases.TC04_VerifyLogoutFunctionality" time="0.155">
    <system-out><![CDATA[verified the product added to cart successfully
03:26:46.833 [main] INFO  factory.BaseClass - ----verified the product added to cart successfully----
]]></system-out>
  </testcase>
  <testcase name="removeProduct" classname="testNGTestCases.TC04_VerifyLogoutFunctionality" time="0.256">
    <system-out><![CDATA[product removed from the cart successfully
03:26:47.052 [main] INFO  factory.BaseClass - ----product removed from the cart successfully----
]]></system-out>
  </testcase>
  <testcase name="navigateToprodDescPage" classname="testNGTestCases.TC04_VerifyLogoutFunctionality" time="0.2">
    <system-out><![CDATA[navigated to product description successfully
03:26:47.268 [main] INFO  factory.BaseClass - ----navigated to product description successfully----
]]></system-out>
  </testcase>
  <testcase name="addCartinProdDescPage" classname="testNGTestCases.TC04_VerifyLogoutFunctionality" time="0.208">
    <system-out><![CDATA[product added to cart successfully
03:26:47.496 [main] INFO  factory.BaseClass - ----product added to cart successfully----
]]></system-out>
  </testcase>
  <testcase name="checkOut" classname="testNGTestCases.TC04_VerifyLogoutFunctionality" time="0.56">
    <system-out><![CDATA[product checked out successfully
03:26:48.024 [main] INFO  factory.BaseClass - ----product checked out successfully----
]]></system-out>
  </testcase>
  <testcase name="logout" classname="testNGTestCases.TC04_VerifyLogoutFunctionality" time="0.262">
    <system-out><![CDATA[Logged out Successfully
03:26:48.324 [main] INFO  factory.BaseClass - ----Logged out Successfully----
]]></system-out>
  </testcase>
</testsuite>