<?xml version="1.0" encoding="UTF-8"?>
<!-- Generated by org.testng.reporters.JUnitReportReporter -->
<testsuite hostname="DESKTOP-IVN0HLE" failures="0" tests="11" name="testNGTestCases.TC04_VerifyLogoutFunctionality" time="1.458" errors="0" timestamp="2024-05-11T02:10:22 IST" skipped="0">
  <testcase classname="testNGTestCases.TC04_VerifyLogoutFunctionality" name="loginUsingInvalidCredential" time="0.202"/>
  <testcase classname="testNGTestCases.TC04_VerifyLogoutFunctionality" name="loginUsingValidCredential" time="0.213"/>
  <testcase classname="testNGTestCases.TC04_VerifyLogoutFunctionality" name="MethodOfSort" time="0.103"/>
  <testcase classname="testNGTestCases.TC04_VerifyLogoutFunctionality" name="verifySort" time="0.101"/>
  <testcase classname="testNGTestCases.TC04_VerifyLogoutFunctionality" name="addProductToCart" time="0.106"/>
  <testcase classname="testNGTestCases.TC04_VerifyLogoutFunctionality" name="verifyProduct" time="0.019"/>
  <testcase classname="testNGTestCases.TC04_VerifyLogoutFunctionality" name="removeProduct" time="0.075"/>
  <testcase classname="testNGTestCases.TC04_VerifyLogoutFunctionality" name="navigateToprodDescPage" time="0.039"/>
  <testcase classname="testNGTestCases.TC04_VerifyLogoutFunctionality" name="addCartinProdDescPage" time="0.069"/>
  <testcase classname="testNGTestCases.TC04_VerifyLogoutFunctionality" name="checkOut" time="0.402"/>
  <testcase classname="testNGTestCases.TC04_VerifyLogoutFunctionality" name="logout" time="0.129"/>
</testsuite> <!-- testNGTestCases.TC04_VerifyLogoutFunctionality -->
