<?xml version="1.0" encoding="UTF-8"?>
<!-- Generated by org.testng.reporters.JUnitReportReporter -->
<testsuite hostname="DESKTOP-IVN0HLE" failures="0" tests="13" name="testNGTestCases.TC04_VerifyLogoutFunctionality" time="1.813" errors="0" timestamp="2024-05-11T03:26:48 IST" skipped="0">
  <testcase classname="testNGTestCases.TC04_VerifyLogoutFunctionality" name="user_is_on_shoppers_stop_com_website" time="0.063"/>
  <testcase classname="testNGTestCases.TC04_VerifyLogoutFunctionality" name="verifying_the_logo_of_webpage" time="0.048"/>
  <testcase classname="testNGTestCases.TC04_VerifyLogoutFunctionality" name="loginUsingInvalidCredential" time="0.215"/>
  <testcase classname="testNGTestCases.TC04_VerifyLogoutFunctionality" name="loginUsingValidCredential" time="0.258"/>
  <testcase classname="testNGTestCases.TC04_VerifyLogoutFunctionality" name="MethodOfSort" time="0.114"/>
  <testcase classname="testNGTestCases.TC04_VerifyLogoutFunctionality" name="verifySort" time="0.118"/>
  <testcase classname="testNGTestCases.TC04_VerifyLogoutFunctionality" name="addProductToCart" time="0.126"/>
  <testcase classname="testNGTestCases.TC04_VerifyLogoutFunctionality" name="verifyProduct" time="0.043"/>
  <testcase classname="testNGTestCases.TC04_VerifyLogoutFunctionality" name="removeProduct" time="0.109"/>
  <testcase classname="testNGTestCases.TC04_VerifyLogoutFunctionality" name="navigateToprodDescPage" time="0.067"/>
  <testcase classname="testNGTestCases.TC04_VerifyLogoutFunctionality" name="addCartinProdDescPage" time="0.093"/>
  <testcase classname="testNGTestCases.TC04_VerifyLogoutFunctionality" name="checkOut" time="0.409"/>
  <testcase classname="testNGTestCases.TC04_VerifyLogoutFunctionality" name="logout" time="0.150"/>
</testsuite> <!-- testNGTestCases.TC04_VerifyLogoutFunctionality -->
