<?xml version="1.0" encoding="UTF-8"?>
<!-- Generated by org.testng.reporters.JUnitReportReporter -->
<testsuite hostname="DESKTOP-IVN0HLE" failures="0" tests="4" name="cucumberTestRunner.TestRunner" time="4.041" errors="0" timestamp="2024-05-11T03:26:48 IST" skipped="0">
  <testcase classname="cucumberTestRunner.TestRunner" name="runScenario" time="1.693"/>
  <testcase classname="cucumberTestRunner.TestRunner" name="runScenario" time="1.496"/>
  <testcase classname="cucumberTestRunner.TestRunner" name="runScenario" time="0.585"/>
  <testcase classname="cucumberTestRunner.TestRunner" name="runScenario" time="0.267"/>
</testsuite> <!-- cucumberTestRunner.TestRunner -->
